2020.12.21 13:09:06 CST DEBUG com.j256.ormlite.logger.Log4j2Log 43 log - created dao for class class com.shi.prometheus.db.entity.SqlServerConnectSet with reflection
2020.12.21 13:09:06 CST INFO  com.j256.ormlite.logger.Log4j2Log 46 log - creating table 'sql_server_connect_set'
2020.12.21 13:09:07 CST DEBUG com.j256.ormlite.logger.Log4j2Log 43 log - opened connection to jdbc:sqlite:D:\MyProjects\IdeaWork\prometheus-client\dbs\202012\202012.db got #26837726
2020.12.21 13:09:07 CST INFO  com.j256.ormlite.logger.Log4j2Log 46 log - executed create table statement changed 0 rows: CREATE TABLE IF NOT EXISTS `sql_server_connect_set` (`id` INTEGER PRIMARY KEY AUTOINCREMENT , `port` VARCHAR , `database_name` VARCHAR , `user` VARCHAR , `password` VARCHAR ) 
2020.12.21 13:09:07 CST DEBUG com.j256.ormlite.logger.Log4j2Log 43 log - query-for-id using 'SELECT * FROM `sql_server_connect_set` WHERE `id` = ?' and 1 args, got 1 result
2020.12.21 13:09:07 CST DEBUG com.j256.ormlite.logger.Log4j2Log 43 log - closed connection #26837726
2020.12.21 13:09:08 CST DEBUG com.j256.ormlite.logger.Log4j2Log 43 log - created dao for class class com.shi.prometheus.business.channel.entity.Channel with reflection
2020.12.21 13:09:08 CST INFO  com.j256.ormlite.logger.Log4j2Log 46 log - creating table 'channel'
2020.12.21 13:09:08 CST DEBUG com.j256.ormlite.logger.Log4j2Log 43 log - opened connection to jdbc:sqlite:D:\MyProjects\IdeaWork\prometheus-client\dbs\202012\202012.db got #12444829
2020.12.21 13:09:08 CST INFO  com.j256.ormlite.logger.Log4j2Log 46 log - executed create table statement changed 0 rows: CREATE TABLE IF NOT EXISTS `channel` (`id` INTEGER PRIMARY KEY AUTOINCREMENT , `park_id` INTEGER , `channel_no` INTEGER , `channel_name` VARCHAR , `channel_prop` INTEGER , `control_mach_ip` VARCHAR , `control_mach_port` INTEGER , `use_camera1` INTEGER , `camera_ip1` VARCHAR , `camera_port1` INTEGER , `camera_user1` VARCHAR , `camera_pwd1` VARCHAR , `use_camera2` INTEGER , `camera_ip2` VARCHAR , `camera_port2` INTEGER , `camera_user2` VARCHAR , `camera_pwd2` VARCHAR , `use_son_camera` INTEGER , `son_camera_ip` VARCHAR , `son_camera_port` INTEGER , `son_camera_user` VARCHAR , `son_camera_pwd` VARCHAR , `use_tide_camera` INTEGER , `tide_camera_ip` VARCHAR , `tide_camera_port` INTEGER , `tide_camera_user` VARCHAR , `tide_camera_pwd` VARCHAR , `state` INTEGER ) 
2020.12.21 13:09:08 CST DEBUG com.j256.ormlite.logger.Log4j2Log 43 log - built statement SELECT COUNT(*) FROM `channel` WHERE `id` = ? 
2020.12.21 13:09:08 CST DEBUG com.j256.ormlite.logger.Log4j2Log 43 log - query of 'SELECT COUNT(*) FROM `channel` WHERE `id` = ? ' returned 1
2020.12.21 13:09:08 CST DEBUG com.j256.ormlite.logger.Log4j2Log 43 log - update data with statement 'UPDATE `channel` SET `park_id` = ?, `channel_no` = ?, `channel_name` = ?, `channel_prop` = ?, `control_mach_ip` = ?, `control_mach_port` = ?, `use_camera1` = ?, `camera_ip1` = ?, `camera_port1` = ?, `camera_user1` = ?, `camera_pwd1` = ?, `use_camera2` = ?, `camera_ip2` = ?, `camera_port2` = ?, `camera_user2` = ?, `camera_pwd2` = ?, `use_son_camera` = ?, `son_camera_ip` = ?, `son_camera_port` = ?, `son_camera_user` = ?, `son_camera_pwd` = ?, `use_tide_camera` = ?, `tide_camera_ip` = ?, `tide_camera_port` = ?, `tide_camera_user` = ?, `tide_camera_pwd` = ?, `state` = ? WHERE `id` = ?' and 28 args, changed 1 rows
2020.12.21 13:09:08 CST DEBUG com.j256.ormlite.logger.Log4j2Log 43 log - query of 'SELECT COUNT(*) FROM `channel` WHERE `id` = ? ' returned 1
2020.12.21 13:09:08 CST DEBUG com.j256.ormlite.logger.Log4j2Log 43 log - update data with statement 'UPDATE `channel` SET `park_id` = ?, `channel_no` = ?, `channel_name` = ?, `channel_prop` = ?, `control_mach_ip` = ?, `control_mach_port` = ?, `use_camera1` = ?, `camera_ip1` = ?, `camera_port1` = ?, `camera_user1` = ?, `camera_pwd1` = ?, `use_camera2` = ?, `camera_ip2` = ?, `camera_port2` = ?, `camera_user2` = ?, `camera_pwd2` = ?, `use_son_camera` = ?, `son_camera_ip` = ?, `son_camera_port` = ?, `son_camera_user` = ?, `son_camera_pwd` = ?, `use_tide_camera` = ?, `tide_camera_ip` = ?, `tide_camera_port` = ?, `tide_camera_user` = ?, `tide_camera_pwd` = ?, `state` = ? WHERE `id` = ?' and 28 args, changed 1 rows
2020.12.21 13:09:08 CST DEBUG com.j256.ormlite.logger.Log4j2Log 43 log - closed connection #12444829
2020.12.21 13:52:34 CST DEBUG com.j256.ormlite.logger.Log4j2Log 43 log - created dao for class class com.shi.prometheus.db.entity.SqlServerConnectSet with reflection
2020.12.21 13:52:34 CST INFO  com.j256.ormlite.logger.Log4j2Log 46 log - creating table 'sql_server_connect_set'
2020.12.21 13:52:34 CST DEBUG com.j256.ormlite.logger.Log4j2Log 43 log - opened connection to jdbc:sqlite:D:\MyProjects\IdeaWork\prometheus-client\dbs\202012\202012.db got #26837726
2020.12.21 13:52:34 CST INFO  com.j256.ormlite.logger.Log4j2Log 46 log - executed create table statement changed 0 rows: CREATE TABLE IF NOT EXISTS `sql_server_connect_set` (`id` INTEGER PRIMARY KEY AUTOINCREMENT , `port` VARCHAR , `database_name` VARCHAR , `user` VARCHAR , `password` VARCHAR ) 
2020.12.21 13:52:34 CST DEBUG com.j256.ormlite.logger.Log4j2Log 43 log - query-for-id using 'SELECT * FROM `sql_server_connect_set` WHERE `id` = ?' and 1 args, got 1 result
2020.12.21 13:52:34 CST DEBUG com.j256.ormlite.logger.Log4j2Log 43 log - closed connection #26837726
2020.12.21 13:52:35 CST DEBUG com.j256.ormlite.logger.Log4j2Log 43 log - created dao for class class com.shi.prometheus.business.channel.entity.Channel with reflection
2020.12.21 13:52:35 CST INFO  com.j256.ormlite.logger.Log4j2Log 46 log - creating table 'channel'
2020.12.21 13:52:35 CST DEBUG com.j256.ormlite.logger.Log4j2Log 43 log - opened connection to jdbc:sqlite:D:\MyProjects\IdeaWork\prometheus-client\dbs\202012\202012.db got #12444829
2020.12.21 13:52:35 CST INFO  com.j256.ormlite.logger.Log4j2Log 46 log - executed create table statement changed 0 rows: CREATE TABLE IF NOT EXISTS `channel` (`id` INTEGER PRIMARY KEY AUTOINCREMENT , `park_id` INTEGER , `channel_no` INTEGER , `channel_name` VARCHAR , `channel_prop` INTEGER , `control_mach_ip` VARCHAR , `control_mach_port` INTEGER , `use_camera1` INTEGER , `camera_ip1` VARCHAR , `camera_port1` INTEGER , `camera_user1` VARCHAR , `camera_pwd1` VARCHAR , `use_camera2` INTEGER , `camera_ip2` VARCHAR , `camera_port2` INTEGER , `camera_user2` VARCHAR , `camera_pwd2` VARCHAR , `use_son_camera` INTEGER , `son_camera_ip` VARCHAR , `son_camera_port` INTEGER , `son_camera_user` VARCHAR , `son_camera_pwd` VARCHAR , `use_tide_camera` INTEGER , `tide_camera_ip` VARCHAR , `tide_camera_port` INTEGER , `tide_camera_user` VARCHAR , `tide_camera_pwd` VARCHAR , `state` INTEGER ) 
2020.12.21 13:52:35 CST DEBUG com.j256.ormlite.logger.Log4j2Log 43 log - built statement SELECT COUNT(*) FROM `channel` WHERE `id` = ? 
2020.12.21 13:52:35 CST DEBUG com.j256.ormlite.logger.Log4j2Log 43 log - query of 'SELECT COUNT(*) FROM `channel` WHERE `id` = ? ' returned 1
2020.12.21 13:52:35 CST DEBUG com.j256.ormlite.logger.Log4j2Log 43 log - update data with statement 'UPDATE `channel` SET `park_id` = ?, `channel_no` = ?, `channel_name` = ?, `channel_prop` = ?, `control_mach_ip` = ?, `control_mach_port` = ?, `use_camera1` = ?, `camera_ip1` = ?, `camera_port1` = ?, `camera_user1` = ?, `camera_pwd1` = ?, `use_camera2` = ?, `camera_ip2` = ?, `camera_port2` = ?, `camera_user2` = ?, `camera_pwd2` = ?, `use_son_camera` = ?, `son_camera_ip` = ?, `son_camera_port` = ?, `son_camera_user` = ?, `son_camera_pwd` = ?, `use_tide_camera` = ?, `tide_camera_ip` = ?, `tide_camera_port` = ?, `tide_camera_user` = ?, `tide_camera_pwd` = ?, `state` = ? WHERE `id` = ?' and 28 args, changed 1 rows
2020.12.21 13:52:35 CST DEBUG com.j256.ormlite.logger.Log4j2Log 43 log - query of 'SELECT COUNT(*) FROM `channel` WHERE `id` = ? ' returned 1
2020.12.21 13:52:35 CST DEBUG com.j256.ormlite.logger.Log4j2Log 43 log - update data with statement 'UPDATE `channel` SET `park_id` = ?, `channel_no` = ?, `channel_name` = ?, `channel_prop` = ?, `control_mach_ip` = ?, `control_mach_port` = ?, `use_camera1` = ?, `camera_ip1` = ?, `camera_port1` = ?, `camera_user1` = ?, `camera_pwd1` = ?, `use_camera2` = ?, `camera_ip2` = ?, `camera_port2` = ?, `camera_user2` = ?, `camera_pwd2` = ?, `use_son_camera` = ?, `son_camera_ip` = ?, `son_camera_port` = ?, `son_camera_user` = ?, `son_camera_pwd` = ?, `use_tide_camera` = ?, `tide_camera_ip` = ?, `tide_camera_port` = ?, `tide_camera_user` = ?, `tide_camera_pwd` = ?, `state` = ? WHERE `id` = ?' and 28 args, changed 1 rows
2020.12.21 13:52:35 CST DEBUG com.j256.ormlite.logger.Log4j2Log 43 log - closed connection #12444829
2020.12.21 13:52:51 CST DEBUG com.j256.ormlite.logger.Log4j2Log 43 log - created dao for class class com.shi.prometheus.db.entity.SqlServerConnectSet with reflection
2020.12.21 13:52:51 CST INFO  com.j256.ormlite.logger.Log4j2Log 46 log - creating table 'sql_server_connect_set'
2020.12.21 13:52:52 CST DEBUG com.j256.ormlite.logger.Log4j2Log 43 log - opened connection to jdbc:sqlite:D:\MyProjects\IdeaWork\prometheus-client\dbs\202012\202012.db got #26837726
2020.12.21 13:52:52 CST INFO  com.j256.ormlite.logger.Log4j2Log 46 log - executed create table statement changed 0 rows: CREATE TABLE IF NOT EXISTS `sql_server_connect_set` (`id` INTEGER PRIMARY KEY AUTOINCREMENT , `port` VARCHAR , `database_name` VARCHAR , `user` VARCHAR , `password` VARCHAR ) 
2020.12.21 13:52:52 CST DEBUG com.j256.ormlite.logger.Log4j2Log 43 log - query-for-id using 'SELECT * FROM `sql_server_connect_set` WHERE `id` = ?' and 1 args, got 1 result
2020.12.21 13:52:52 CST DEBUG com.j256.ormlite.logger.Log4j2Log 43 log - closed connection #26837726
2020.12.21 13:52:53 CST DEBUG com.j256.ormlite.logger.Log4j2Log 43 log - created dao for class class com.shi.prometheus.business.channel.entity.Channel with reflection
2020.12.21 13:52:53 CST INFO  com.j256.ormlite.logger.Log4j2Log 46 log - creating table 'channel'
2020.12.21 13:52:53 CST DEBUG com.j256.ormlite.logger.Log4j2Log 43 log - opened connection to jdbc:sqlite:D:\MyProjects\IdeaWork\prometheus-client\dbs\202012\202012.db got #12444829
2020.12.21 13:52:53 CST INFO  com.j256.ormlite.logger.Log4j2Log 46 log - executed create table statement changed 0 rows: CREATE TABLE IF NOT EXISTS `channel` (`id` INTEGER PRIMARY KEY AUTOINCREMENT , `park_id` INTEGER , `channel_no` INTEGER , `channel_name` VARCHAR , `channel_prop` INTEGER , `control_mach_ip` VARCHAR , `control_mach_port` INTEGER , `use_camera1` INTEGER , `camera_ip1` VARCHAR , `camera_port1` INTEGER , `camera_user1` VARCHAR , `camera_pwd1` VARCHAR , `use_camera2` INTEGER , `camera_ip2` VARCHAR , `camera_port2` INTEGER , `camera_user2` VARCHAR , `camera_pwd2` VARCHAR , `use_son_camera` INTEGER , `son_camera_ip` VARCHAR , `son_camera_port` INTEGER , `son_camera_user` VARCHAR , `son_camera_pwd` VARCHAR , `use_tide_camera` INTEGER , `tide_camera_ip` VARCHAR , `tide_camera_port` INTEGER , `tide_camera_user` VARCHAR , `tide_camera_pwd` VARCHAR , `state` INTEGER ) 
2020.12.21 13:52:53 CST DEBUG com.j256.ormlite.logger.Log4j2Log 43 log - built statement SELECT COUNT(*) FROM `channel` WHERE `id` = ? 
2020.12.21 13:52:53 CST DEBUG com.j256.ormlite.logger.Log4j2Log 43 log - query of 'SELECT COUNT(*) FROM `channel` WHERE `id` = ? ' returned 1
2020.12.21 13:52:53 CST DEBUG com.j256.ormlite.logger.Log4j2Log 43 log - update data with statement 'UPDATE `channel` SET `park_id` = ?, `channel_no` = ?, `channel_name` = ?, `channel_prop` = ?, `control_mach_ip` = ?, `control_mach_port` = ?, `use_camera1` = ?, `camera_ip1` = ?, `camera_port1` = ?, `camera_user1` = ?, `camera_pwd1` = ?, `use_camera2` = ?, `camera_ip2` = ?, `camera_port2` = ?, `camera_user2` = ?, `camera_pwd2` = ?, `use_son_camera` = ?, `son_camera_ip` = ?, `son_camera_port` = ?, `son_camera_user` = ?, `son_camera_pwd` = ?, `use_tide_camera` = ?, `tide_camera_ip` = ?, `tide_camera_port` = ?, `tide_camera_user` = ?, `tide_camera_pwd` = ?, `state` = ? WHERE `id` = ?' and 28 args, changed 1 rows
2020.12.21 13:52:53 CST DEBUG com.j256.ormlite.logger.Log4j2Log 43 log - query of 'SELECT COUNT(*) FROM `channel` WHERE `id` = ? ' returned 1
2020.12.21 13:52:53 CST DEBUG com.j256.ormlite.logger.Log4j2Log 43 log - update data with statement 'UPDATE `channel` SET `park_id` = ?, `channel_no` = ?, `channel_name` = ?, `channel_prop` = ?, `control_mach_ip` = ?, `control_mach_port` = ?, `use_camera1` = ?, `camera_ip1` = ?, `camera_port1` = ?, `camera_user1` = ?, `camera_pwd1` = ?, `use_camera2` = ?, `camera_ip2` = ?, `camera_port2` = ?, `camera_user2` = ?, `camera_pwd2` = ?, `use_son_camera` = ?, `son_camera_ip` = ?, `son_camera_port` = ?, `son_camera_user` = ?, `son_camera_pwd` = ?, `use_tide_camera` = ?, `tide_camera_ip` = ?, `tide_camera_port` = ?, `tide_camera_user` = ?, `tide_camera_pwd` = ?, `state` = ? WHERE `id` = ?' and 28 args, changed 1 rows
2020.12.21 13:52:53 CST DEBUG com.j256.ormlite.logger.Log4j2Log 43 log - closed connection #12444829
2020.12.21 14:06:14 CST DEBUG com.j256.ormlite.logger.Log4j2Log 43 log - created dao for class class com.shi.prometheus.db.entity.SqlServerConnectSet with reflection
2020.12.21 14:06:14 CST INFO  com.j256.ormlite.logger.Log4j2Log 46 log - creating table 'sql_server_connect_set'
2020.12.21 14:06:14 CST DEBUG com.j256.ormlite.logger.Log4j2Log 43 log - opened connection to jdbc:sqlite:D:\MyProjects\IdeaWork\prometheus-client\dbs\202012\202012.db got #26837726
2020.12.21 14:06:14 CST INFO  com.j256.ormlite.logger.Log4j2Log 46 log - executed create table statement changed 0 rows: CREATE TABLE IF NOT EXISTS `sql_server_connect_set` (`id` INTEGER PRIMARY KEY AUTOINCREMENT , `port` VARCHAR , `database_name` VARCHAR , `user` VARCHAR , `password` VARCHAR ) 
2020.12.21 14:06:14 CST DEBUG com.j256.ormlite.logger.Log4j2Log 43 log - query-for-id using 'SELECT * FROM `sql_server_connect_set` WHERE `id` = ?' and 1 args, got 1 result
2020.12.21 14:06:14 CST DEBUG com.j256.ormlite.logger.Log4j2Log 43 log - closed connection #26837726
2020.12.21 14:06:16 CST DEBUG com.j256.ormlite.logger.Log4j2Log 43 log - created dao for class class com.shi.prometheus.business.channel.entity.Channel with reflection
2020.12.21 14:06:16 CST INFO  com.j256.ormlite.logger.Log4j2Log 46 log - creating table 'channel'
2020.12.21 14:06:16 CST DEBUG com.j256.ormlite.logger.Log4j2Log 43 log - opened connection to jdbc:sqlite:D:\MyProjects\IdeaWork\prometheus-client\dbs\202012\202012.db got #12444829
2020.12.21 14:06:16 CST INFO  com.j256.ormlite.logger.Log4j2Log 46 log - executed create table statement changed 0 rows: CREATE TABLE IF NOT EXISTS `channel` (`id` INTEGER PRIMARY KEY AUTOINCREMENT , `park_id` INTEGER , `channel_no` INTEGER , `channel_name` VARCHAR , `channel_prop` INTEGER , `control_mach_ip` VARCHAR , `control_mach_port` INTEGER , `use_camera1` INTEGER , `camera_ip1` VARCHAR , `camera_port1` INTEGER , `camera_user1` VARCHAR , `camera_pwd1` VARCHAR , `use_camera2` INTEGER , `camera_ip2` VARCHAR , `camera_port2` INTEGER , `camera_user2` VARCHAR , `camera_pwd2` VARCHAR , `use_son_camera` INTEGER , `son_camera_ip` VARCHAR , `son_camera_port` INTEGER , `son_camera_user` VARCHAR , `son_camera_pwd` VARCHAR , `use_tide_camera` INTEGER , `tide_camera_ip` VARCHAR , `tide_camera_port` INTEGER , `tide_camera_user` VARCHAR , `tide_camera_pwd` VARCHAR , `state` INTEGER ) 
2020.12.21 14:06:16 CST DEBUG com.j256.ormlite.logger.Log4j2Log 43 log - built statement SELECT COUNT(*) FROM `channel` WHERE `id` = ? 
2020.12.21 14:06:16 CST DEBUG com.j256.ormlite.logger.Log4j2Log 43 log - query of 'SELECT COUNT(*) FROM `channel` WHERE `id` = ? ' returned 1
2020.12.21 14:06:16 CST DEBUG com.j256.ormlite.logger.Log4j2Log 43 log - update data with statement 'UPDATE `channel` SET `park_id` = ?, `channel_no` = ?, `channel_name` = ?, `channel_prop` = ?, `control_mach_ip` = ?, `control_mach_port` = ?, `use_camera1` = ?, `camera_ip1` = ?, `camera_port1` = ?, `camera_user1` = ?, `camera_pwd1` = ?, `use_camera2` = ?, `camera_ip2` = ?, `camera_port2` = ?, `camera_user2` = ?, `camera_pwd2` = ?, `use_son_camera` = ?, `son_camera_ip` = ?, `son_camera_port` = ?, `son_camera_user` = ?, `son_camera_pwd` = ?, `use_tide_camera` = ?, `tide_camera_ip` = ?, `tide_camera_port` = ?, `tide_camera_user` = ?, `tide_camera_pwd` = ?, `state` = ? WHERE `id` = ?' and 28 args, changed 1 rows
2020.12.21 14:06:16 CST DEBUG com.j256.ormlite.logger.Log4j2Log 43 log - query of 'SELECT COUNT(*) FROM `channel` WHERE `id` = ? ' returned 1
2020.12.21 14:06:16 CST DEBUG com.j256.ormlite.logger.Log4j2Log 43 log - update data with statement 'UPDATE `channel` SET `park_id` = ?, `channel_no` = ?, `channel_name` = ?, `channel_prop` = ?, `control_mach_ip` = ?, `control_mach_port` = ?, `use_camera1` = ?, `camera_ip1` = ?, `camera_port1` = ?, `camera_user1` = ?, `camera_pwd1` = ?, `use_camera2` = ?, `camera_ip2` = ?, `camera_port2` = ?, `camera_user2` = ?, `camera_pwd2` = ?, `use_son_camera` = ?, `son_camera_ip` = ?, `son_camera_port` = ?, `son_camera_user` = ?, `son_camera_pwd` = ?, `use_tide_camera` = ?, `tide_camera_ip` = ?, `tide_camera_port` = ?, `tide_camera_user` = ?, `tide_camera_pwd` = ?, `state` = ? WHERE `id` = ?' and 28 args, changed 1 rows
2020.12.21 14:06:16 CST DEBUG com.j256.ormlite.logger.Log4j2Log 43 log - closed connection #12444829
2020.12.21 14:09:59 CST DEBUG com.j256.ormlite.logger.Log4j2Log 43 log - created dao for class class com.shi.prometheus.db.entity.SqlServerConnectSet with reflection
2020.12.21 14:09:59 CST INFO  com.j256.ormlite.logger.Log4j2Log 46 log - creating table 'sql_server_connect_set'
2020.12.21 14:10:00 CST DEBUG com.j256.ormlite.logger.Log4j2Log 43 log - opened connection to jdbc:sqlite:D:\MyProjects\IdeaWork\prometheus-client\dbs\202012\202012.db got #26837726
2020.12.21 14:10:00 CST INFO  com.j256.ormlite.logger.Log4j2Log 46 log - executed create table statement changed 0 rows: CREATE TABLE IF NOT EXISTS `sql_server_connect_set` (`id` INTEGER PRIMARY KEY AUTOINCREMENT , `port` VARCHAR , `database_name` VARCHAR , `user` VARCHAR , `password` VARCHAR ) 
2020.12.21 14:10:00 CST DEBUG com.j256.ormlite.logger.Log4j2Log 43 log - query-for-id using 'SELECT * FROM `sql_server_connect_set` WHERE `id` = ?' and 1 args, got 1 result
2020.12.21 14:10:00 CST DEBUG com.j256.ormlite.logger.Log4j2Log 43 log - closed connection #26837726
2020.12.21 14:10:01 CST DEBUG com.j256.ormlite.logger.Log4j2Log 43 log - created dao for class class com.shi.prometheus.business.channel.entity.Channel with reflection
2020.12.21 14:10:01 CST INFO  com.j256.ormlite.logger.Log4j2Log 46 log - creating table 'channel'
2020.12.21 14:10:01 CST DEBUG com.j256.ormlite.logger.Log4j2Log 43 log - opened connection to jdbc:sqlite:D:\MyProjects\IdeaWork\prometheus-client\dbs\202012\202012.db got #12444829
2020.12.21 14:10:01 CST INFO  com.j256.ormlite.logger.Log4j2Log 46 log - executed create table statement changed 0 rows: CREATE TABLE IF NOT EXISTS `channel` (`id` INTEGER PRIMARY KEY AUTOINCREMENT , `park_id` INTEGER , `channel_no` INTEGER , `channel_name` VARCHAR , `channel_prop` INTEGER , `control_mach_ip` VARCHAR , `control_mach_port` INTEGER , `use_camera1` INTEGER , `camera_ip1` VARCHAR , `camera_port1` INTEGER , `camera_user1` VARCHAR , `camera_pwd1` VARCHAR , `use_camera2` INTEGER , `camera_ip2` VARCHAR , `camera_port2` INTEGER , `camera_user2` VARCHAR , `camera_pwd2` VARCHAR , `use_son_camera` INTEGER , `son_camera_ip` VARCHAR , `son_camera_port` INTEGER , `son_camera_user` VARCHAR , `son_camera_pwd` VARCHAR , `use_tide_camera` INTEGER , `tide_camera_ip` VARCHAR , `tide_camera_port` INTEGER , `tide_camera_user` VARCHAR , `tide_camera_pwd` VARCHAR , `state` INTEGER ) 
2020.12.21 14:10:01 CST DEBUG com.j256.ormlite.logger.Log4j2Log 43 log - built statement SELECT COUNT(*) FROM `channel` WHERE `id` = ? 
2020.12.21 14:10:01 CST DEBUG com.j256.ormlite.logger.Log4j2Log 43 log - query of 'SELECT COUNT(*) FROM `channel` WHERE `id` = ? ' returned 1
2020.12.21 14:10:01 CST DEBUG com.j256.ormlite.logger.Log4j2Log 43 log - update data with statement 'UPDATE `channel` SET `park_id` = ?, `channel_no` = ?, `channel_name` = ?, `channel_prop` = ?, `control_mach_ip` = ?, `control_mach_port` = ?, `use_camera1` = ?, `camera_ip1` = ?, `camera_port1` = ?, `camera_user1` = ?, `camera_pwd1` = ?, `use_camera2` = ?, `camera_ip2` = ?, `camera_port2` = ?, `camera_user2` = ?, `camera_pwd2` = ?, `use_son_camera` = ?, `son_camera_ip` = ?, `son_camera_port` = ?, `son_camera_user` = ?, `son_camera_pwd` = ?, `use_tide_camera` = ?, `tide_camera_ip` = ?, `tide_camera_port` = ?, `tide_camera_user` = ?, `tide_camera_pwd` = ?, `state` = ? WHERE `id` = ?' and 28 args, changed 1 rows
2020.12.21 14:10:01 CST DEBUG com.j256.ormlite.logger.Log4j2Log 43 log - query of 'SELECT COUNT(*) FROM `channel` WHERE `id` = ? ' returned 1
2020.12.21 14:10:01 CST DEBUG com.j256.ormlite.logger.Log4j2Log 43 log - update data with statement 'UPDATE `channel` SET `park_id` = ?, `channel_no` = ?, `channel_name` = ?, `channel_prop` = ?, `control_mach_ip` = ?, `control_mach_port` = ?, `use_camera1` = ?, `camera_ip1` = ?, `camera_port1` = ?, `camera_user1` = ?, `camera_pwd1` = ?, `use_camera2` = ?, `camera_ip2` = ?, `camera_port2` = ?, `camera_user2` = ?, `camera_pwd2` = ?, `use_son_camera` = ?, `son_camera_ip` = ?, `son_camera_port` = ?, `son_camera_user` = ?, `son_camera_pwd` = ?, `use_tide_camera` = ?, `tide_camera_ip` = ?, `tide_camera_port` = ?, `tide_camera_user` = ?, `tide_camera_pwd` = ?, `state` = ? WHERE `id` = ?' and 28 args, changed 1 rows
2020.12.21 14:10:01 CST DEBUG com.j256.ormlite.logger.Log4j2Log 43 log - closed connection #12444829
2020.12.21 14:10:29 CST DEBUG com.j256.ormlite.logger.Log4j2Log 43 log - created dao for class class com.shi.prometheus.db.entity.SqlServerConnectSet with reflection
2020.12.21 14:10:29 CST INFO  com.j256.ormlite.logger.Log4j2Log 46 log - creating table 'sql_server_connect_set'
2020.12.21 14:10:30 CST DEBUG com.j256.ormlite.logger.Log4j2Log 43 log - opened connection to jdbc:sqlite:D:\MyProjects\IdeaWork\prometheus-client\dbs\202012\202012.db got #26837726
2020.12.21 14:10:30 CST INFO  com.j256.ormlite.logger.Log4j2Log 46 log - executed create table statement changed 0 rows: CREATE TABLE IF NOT EXISTS `sql_server_connect_set` (`id` INTEGER PRIMARY KEY AUTOINCREMENT , `port` VARCHAR , `database_name` VARCHAR , `user` VARCHAR , `password` VARCHAR ) 
2020.12.21 14:10:30 CST DEBUG com.j256.ormlite.logger.Log4j2Log 43 log - query-for-id using 'SELECT * FROM `sql_server_connect_set` WHERE `id` = ?' and 1 args, got 1 result
2020.12.21 14:10:30 CST DEBUG com.j256.ormlite.logger.Log4j2Log 43 log - closed connection #26837726
2020.12.21 14:10:31 CST DEBUG com.j256.ormlite.logger.Log4j2Log 43 log - created dao for class class com.shi.prometheus.business.channel.entity.Channel with reflection
2020.12.21 14:10:31 CST INFO  com.j256.ormlite.logger.Log4j2Log 46 log - creating table 'channel'
2020.12.21 14:10:31 CST DEBUG com.j256.ormlite.logger.Log4j2Log 43 log - opened connection to jdbc:sqlite:D:\MyProjects\IdeaWork\prometheus-client\dbs\202012\202012.db got #12444829
2020.12.21 14:10:31 CST INFO  com.j256.ormlite.logger.Log4j2Log 46 log - executed create table statement changed 0 rows: CREATE TABLE IF NOT EXISTS `channel` (`id` INTEGER PRIMARY KEY AUTOINCREMENT , `park_id` INTEGER , `channel_no` INTEGER , `channel_name` VARCHAR , `channel_prop` INTEGER , `control_mach_ip` VARCHAR , `control_mach_port` INTEGER , `use_camera1` INTEGER , `camera_ip1` VARCHAR , `camera_port1` INTEGER , `camera_user1` VARCHAR , `camera_pwd1` VARCHAR , `use_camera2` INTEGER , `camera_ip2` VARCHAR , `camera_port2` INTEGER , `camera_user2` VARCHAR , `camera_pwd2` VARCHAR , `use_son_camera` INTEGER , `son_camera_ip` VARCHAR , `son_camera_port` INTEGER , `son_camera_user` VARCHAR , `son_camera_pwd` VARCHAR , `use_tide_camera` INTEGER , `tide_camera_ip` VARCHAR , `tide_camera_port` INTEGER , `tide_camera_user` VARCHAR , `tide_camera_pwd` VARCHAR , `state` INTEGER ) 
2020.12.21 14:10:31 CST DEBUG com.j256.ormlite.logger.Log4j2Log 43 log - built statement SELECT COUNT(*) FROM `channel` WHERE `id` = ? 
2020.12.21 14:10:31 CST DEBUG com.j256.ormlite.logger.Log4j2Log 43 log - query of 'SELECT COUNT(*) FROM `channel` WHERE `id` = ? ' returned 1
2020.12.21 14:10:31 CST DEBUG com.j256.ormlite.logger.Log4j2Log 43 log - update data with statement 'UPDATE `channel` SET `park_id` = ?, `channel_no` = ?, `channel_name` = ?, `channel_prop` = ?, `control_mach_ip` = ?, `control_mach_port` = ?, `use_camera1` = ?, `camera_ip1` = ?, `camera_port1` = ?, `camera_user1` = ?, `camera_pwd1` = ?, `use_camera2` = ?, `camera_ip2` = ?, `camera_port2` = ?, `camera_user2` = ?, `camera_pwd2` = ?, `use_son_camera` = ?, `son_camera_ip` = ?, `son_camera_port` = ?, `son_camera_user` = ?, `son_camera_pwd` = ?, `use_tide_camera` = ?, `tide_camera_ip` = ?, `tide_camera_port` = ?, `tide_camera_user` = ?, `tide_camera_pwd` = ?, `state` = ? WHERE `id` = ?' and 28 args, changed 1 rows
2020.12.21 14:10:31 CST DEBUG com.j256.ormlite.logger.Log4j2Log 43 log - query of 'SELECT COUNT(*) FROM `channel` WHERE `id` = ? ' returned 1
2020.12.21 14:10:31 CST DEBUG com.j256.ormlite.logger.Log4j2Log 43 log - update data with statement 'UPDATE `channel` SET `park_id` = ?, `channel_no` = ?, `channel_name` = ?, `channel_prop` = ?, `control_mach_ip` = ?, `control_mach_port` = ?, `use_camera1` = ?, `camera_ip1` = ?, `camera_port1` = ?, `camera_user1` = ?, `camera_pwd1` = ?, `use_camera2` = ?, `camera_ip2` = ?, `camera_port2` = ?, `camera_user2` = ?, `camera_pwd2` = ?, `use_son_camera` = ?, `son_camera_ip` = ?, `son_camera_port` = ?, `son_camera_user` = ?, `son_camera_pwd` = ?, `use_tide_camera` = ?, `tide_camera_ip` = ?, `tide_camera_port` = ?, `tide_camera_user` = ?, `tide_camera_pwd` = ?, `state` = ? WHERE `id` = ?' and 28 args, changed 1 rows
2020.12.21 14:10:31 CST DEBUG com.j256.ormlite.logger.Log4j2Log 43 log - closed connection #12444829
2020.12.21 14:16:49 CST DEBUG com.j256.ormlite.logger.Log4j2Log 43 log - created dao for class class com.shi.prometheus.db.entity.SqlServerConnectSet with reflection
2020.12.21 14:16:49 CST INFO  com.j256.ormlite.logger.Log4j2Log 46 log - creating table 'sql_server_connect_set'
2020.12.21 14:16:49 CST DEBUG com.j256.ormlite.logger.Log4j2Log 43 log - opened connection to jdbc:sqlite:D:\MyProjects\IdeaWork\prometheus-client\dbs\202012\202012.db got #26837726
2020.12.21 14:16:49 CST INFO  com.j256.ormlite.logger.Log4j2Log 46 log - executed create table statement changed 0 rows: CREATE TABLE IF NOT EXISTS `sql_server_connect_set` (`id` INTEGER PRIMARY KEY AUTOINCREMENT , `port` VARCHAR , `database_name` VARCHAR , `user` VARCHAR , `password` VARCHAR ) 
2020.12.21 14:16:49 CST DEBUG com.j256.ormlite.logger.Log4j2Log 43 log - query-for-id using 'SELECT * FROM `sql_server_connect_set` WHERE `id` = ?' and 1 args, got 1 result
2020.12.21 14:16:49 CST DEBUG com.j256.ormlite.logger.Log4j2Log 43 log - closed connection #26837726
2020.12.21 14:16:51 CST DEBUG com.j256.ormlite.logger.Log4j2Log 43 log - created dao for class class com.shi.prometheus.business.channel.entity.Channel with reflection
2020.12.21 14:16:51 CST INFO  com.j256.ormlite.logger.Log4j2Log 46 log - creating table 'channel'
2020.12.21 14:16:51 CST DEBUG com.j256.ormlite.logger.Log4j2Log 43 log - opened connection to jdbc:sqlite:D:\MyProjects\IdeaWork\prometheus-client\dbs\202012\202012.db got #12444829
2020.12.21 14:16:51 CST INFO  com.j256.ormlite.logger.Log4j2Log 46 log - executed create table statement changed 0 rows: CREATE TABLE IF NOT EXISTS `channel` (`id` INTEGER PRIMARY KEY AUTOINCREMENT , `park_id` INTEGER , `channel_no` INTEGER , `channel_name` VARCHAR , `channel_prop` INTEGER , `control_mach_ip` VARCHAR , `control_mach_port` INTEGER , `use_camera1` INTEGER , `camera_ip1` VARCHAR , `camera_port1` INTEGER , `camera_user1` VARCHAR , `camera_pwd1` VARCHAR , `use_camera2` INTEGER , `camera_ip2` VARCHAR , `camera_port2` INTEGER , `camera_user2` VARCHAR , `camera_pwd2` VARCHAR , `use_son_camera` INTEGER , `son_camera_ip` VARCHAR , `son_camera_port` INTEGER , `son_camera_user` VARCHAR , `son_camera_pwd` VARCHAR , `use_tide_camera` INTEGER , `tide_camera_ip` VARCHAR , `tide_camera_port` INTEGER , `tide_camera_user` VARCHAR , `tide_camera_pwd` VARCHAR , `state` INTEGER ) 
2020.12.21 14:16:51 CST DEBUG com.j256.ormlite.logger.Log4j2Log 43 log - built statement SELECT COUNT(*) FROM `channel` WHERE `id` = ? 
2020.12.21 14:16:51 CST DEBUG com.j256.ormlite.logger.Log4j2Log 43 log - query of 'SELECT COUNT(*) FROM `channel` WHERE `id` = ? ' returned 1
2020.12.21 14:16:51 CST DEBUG com.j256.ormlite.logger.Log4j2Log 43 log - update data with statement 'UPDATE `channel` SET `park_id` = ?, `channel_no` = ?, `channel_name` = ?, `channel_prop` = ?, `control_mach_ip` = ?, `control_mach_port` = ?, `use_camera1` = ?, `camera_ip1` = ?, `camera_port1` = ?, `camera_user1` = ?, `camera_pwd1` = ?, `use_camera2` = ?, `camera_ip2` = ?, `camera_port2` = ?, `camera_user2` = ?, `camera_pwd2` = ?, `use_son_camera` = ?, `son_camera_ip` = ?, `son_camera_port` = ?, `son_camera_user` = ?, `son_camera_pwd` = ?, `use_tide_camera` = ?, `tide_camera_ip` = ?, `tide_camera_port` = ?, `tide_camera_user` = ?, `tide_camera_pwd` = ?, `state` = ? WHERE `id` = ?' and 28 args, changed 1 rows
2020.12.21 14:16:51 CST DEBUG com.j256.ormlite.logger.Log4j2Log 43 log - query of 'SELECT COUNT(*) FROM `channel` WHERE `id` = ? ' returned 1
2020.12.21 14:16:51 CST DEBUG com.j256.ormlite.logger.Log4j2Log 43 log - update data with statement 'UPDATE `channel` SET `park_id` = ?, `channel_no` = ?, `channel_name` = ?, `channel_prop` = ?, `control_mach_ip` = ?, `control_mach_port` = ?, `use_camera1` = ?, `camera_ip1` = ?, `camera_port1` = ?, `camera_user1` = ?, `camera_pwd1` = ?, `use_camera2` = ?, `camera_ip2` = ?, `camera_port2` = ?, `camera_user2` = ?, `camera_pwd2` = ?, `use_son_camera` = ?, `son_camera_ip` = ?, `son_camera_port` = ?, `son_camera_user` = ?, `son_camera_pwd` = ?, `use_tide_camera` = ?, `tide_camera_ip` = ?, `tide_camera_port` = ?, `tide_camera_user` = ?, `tide_camera_pwd` = ?, `state` = ? WHERE `id` = ?' and 28 args, changed 1 rows
2020.12.21 14:16:51 CST DEBUG com.j256.ormlite.logger.Log4j2Log 43 log - closed connection #12444829
2020.12.21 14:18:40 CST DEBUG com.j256.ormlite.logger.Log4j2Log 43 log - created dao for class class com.shi.prometheus.db.entity.SqlServerConnectSet with reflection
2020.12.21 14:18:40 CST INFO  com.j256.ormlite.logger.Log4j2Log 46 log - creating table 'sql_server_connect_set'
2020.12.21 14:18:40 CST DEBUG com.j256.ormlite.logger.Log4j2Log 43 log - opened connection to jdbc:sqlite:D:\MyProjects\IdeaWork\prometheus-client\dbs\202012\202012.db got #26837726
2020.12.21 14:18:40 CST INFO  com.j256.ormlite.logger.Log4j2Log 46 log - executed create table statement changed 0 rows: CREATE TABLE IF NOT EXISTS `sql_server_connect_set` (`id` INTEGER PRIMARY KEY AUTOINCREMENT , `port` VARCHAR , `database_name` VARCHAR , `user` VARCHAR , `password` VARCHAR ) 
2020.12.21 14:18:40 CST DEBUG com.j256.ormlite.logger.Log4j2Log 43 log - query-for-id using 'SELECT * FROM `sql_server_connect_set` WHERE `id` = ?' and 1 args, got 1 result
2020.12.21 14:18:40 CST DEBUG com.j256.ormlite.logger.Log4j2Log 43 log - closed connection #26837726
2020.12.21 14:18:41 CST DEBUG com.j256.ormlite.logger.Log4j2Log 43 log - created dao for class class com.shi.prometheus.business.channel.entity.Channel with reflection
2020.12.21 14:18:41 CST INFO  com.j256.ormlite.logger.Log4j2Log 46 log - creating table 'channel'
2020.12.21 14:18:41 CST DEBUG com.j256.ormlite.logger.Log4j2Log 43 log - opened connection to jdbc:sqlite:D:\MyProjects\IdeaWork\prometheus-client\dbs\202012\202012.db got #12444829
2020.12.21 14:18:41 CST INFO  com.j256.ormlite.logger.Log4j2Log 46 log - executed create table statement changed 0 rows: CREATE TABLE IF NOT EXISTS `channel` (`id` INTEGER PRIMARY KEY AUTOINCREMENT , `park_id` INTEGER , `channel_no` INTEGER , `channel_name` VARCHAR , `channel_prop` INTEGER , `control_mach_ip` VARCHAR , `control_mach_port` INTEGER , `use_camera1` INTEGER , `camera_ip1` VARCHAR , `camera_port1` INTEGER , `camera_user1` VARCHAR , `camera_pwd1` VARCHAR , `use_camera2` INTEGER , `camera_ip2` VARCHAR , `camera_port2` INTEGER , `camera_user2` VARCHAR , `camera_pwd2` VARCHAR , `use_son_camera` INTEGER , `son_camera_ip` VARCHAR , `son_camera_port` INTEGER , `son_camera_user` VARCHAR , `son_camera_pwd` VARCHAR , `use_tide_camera` INTEGER , `tide_camera_ip` VARCHAR , `tide_camera_port` INTEGER , `tide_camera_user` VARCHAR , `tide_camera_pwd` VARCHAR , `state` INTEGER ) 
2020.12.21 14:18:41 CST DEBUG com.j256.ormlite.logger.Log4j2Log 43 log - built statement SELECT COUNT(*) FROM `channel` WHERE `id` = ? 
2020.12.21 14:18:41 CST DEBUG com.j256.ormlite.logger.Log4j2Log 43 log - query of 'SELECT COUNT(*) FROM `channel` WHERE `id` = ? ' returned 1
2020.12.21 14:18:41 CST DEBUG com.j256.ormlite.logger.Log4j2Log 43 log - update data with statement 'UPDATE `channel` SET `park_id` = ?, `channel_no` = ?, `channel_name` = ?, `channel_prop` = ?, `control_mach_ip` = ?, `control_mach_port` = ?, `use_camera1` = ?, `camera_ip1` = ?, `camera_port1` = ?, `camera_user1` = ?, `camera_pwd1` = ?, `use_camera2` = ?, `camera_ip2` = ?, `camera_port2` = ?, `camera_user2` = ?, `camera_pwd2` = ?, `use_son_camera` = ?, `son_camera_ip` = ?, `son_camera_port` = ?, `son_camera_user` = ?, `son_camera_pwd` = ?, `use_tide_camera` = ?, `tide_camera_ip` = ?, `tide_camera_port` = ?, `tide_camera_user` = ?, `tide_camera_pwd` = ?, `state` = ? WHERE `id` = ?' and 28 args, changed 1 rows
2020.12.21 14:18:41 CST DEBUG com.j256.ormlite.logger.Log4j2Log 43 log - query of 'SELECT COUNT(*) FROM `channel` WHERE `id` = ? ' returned 1
2020.12.21 14:18:41 CST DEBUG com.j256.ormlite.logger.Log4j2Log 43 log - update data with statement 'UPDATE `channel` SET `park_id` = ?, `channel_no` = ?, `channel_name` = ?, `channel_prop` = ?, `control_mach_ip` = ?, `control_mach_port` = ?, `use_camera1` = ?, `camera_ip1` = ?, `camera_port1` = ?, `camera_user1` = ?, `camera_pwd1` = ?, `use_camera2` = ?, `camera_ip2` = ?, `camera_port2` = ?, `camera_user2` = ?, `camera_pwd2` = ?, `use_son_camera` = ?, `son_camera_ip` = ?, `son_camera_port` = ?, `son_camera_user` = ?, `son_camera_pwd` = ?, `use_tide_camera` = ?, `tide_camera_ip` = ?, `tide_camera_port` = ?, `tide_camera_user` = ?, `tide_camera_pwd` = ?, `state` = ? WHERE `id` = ?' and 28 args, changed 1 rows
2020.12.21 14:18:41 CST DEBUG com.j256.ormlite.logger.Log4j2Log 43 log - closed connection #12444829
2020.12.21 14:22:17 CST DEBUG com.j256.ormlite.logger.Log4j2Log 43 log - created dao for class class com.shi.prometheus.db.entity.SqlServerConnectSet with reflection
2020.12.21 14:22:17 CST INFO  com.j256.ormlite.logger.Log4j2Log 46 log - creating table 'sql_server_connect_set'
2020.12.21 14:22:18 CST DEBUG com.j256.ormlite.logger.Log4j2Log 43 log - opened connection to jdbc:sqlite:D:\MyProjects\IdeaWork\prometheus-client\dbs\202012\202012.db got #26837726
2020.12.21 14:22:18 CST INFO  com.j256.ormlite.logger.Log4j2Log 46 log - executed create table statement changed 0 rows: CREATE TABLE IF NOT EXISTS `sql_server_connect_set` (`id` INTEGER PRIMARY KEY AUTOINCREMENT , `port` VARCHAR , `database_name` VARCHAR , `user` VARCHAR , `password` VARCHAR ) 
2020.12.21 14:22:18 CST DEBUG com.j256.ormlite.logger.Log4j2Log 43 log - query-for-id using 'SELECT * FROM `sql_server_connect_set` WHERE `id` = ?' and 1 args, got 1 result
2020.12.21 14:22:18 CST DEBUG com.j256.ormlite.logger.Log4j2Log 43 log - closed connection #26837726
2020.12.21 14:22:19 CST DEBUG com.j256.ormlite.logger.Log4j2Log 43 log - created dao for class class com.shi.prometheus.business.channel.entity.Channel with reflection
2020.12.21 14:22:19 CST INFO  com.j256.ormlite.logger.Log4j2Log 46 log - creating table 'channel'
2020.12.21 14:22:19 CST DEBUG com.j256.ormlite.logger.Log4j2Log 43 log - opened connection to jdbc:sqlite:D:\MyProjects\IdeaWork\prometheus-client\dbs\202012\202012.db got #12444829
2020.12.21 14:22:19 CST INFO  com.j256.ormlite.logger.Log4j2Log 46 log - executed create table statement changed 0 rows: CREATE TABLE IF NOT EXISTS `channel` (`id` INTEGER PRIMARY KEY AUTOINCREMENT , `park_id` INTEGER , `channel_no` INTEGER , `channel_name` VARCHAR , `channel_prop` INTEGER , `control_mach_ip` VARCHAR , `control_mach_port` INTEGER , `use_camera1` INTEGER , `camera_ip1` VARCHAR , `camera_port1` INTEGER , `camera_user1` VARCHAR , `camera_pwd1` VARCHAR , `use_camera2` INTEGER , `camera_ip2` VARCHAR , `camera_port2` INTEGER , `camera_user2` VARCHAR , `camera_pwd2` VARCHAR , `use_son_camera` INTEGER , `son_camera_ip` VARCHAR , `son_camera_port` INTEGER , `son_camera_user` VARCHAR , `son_camera_pwd` VARCHAR , `use_tide_camera` INTEGER , `tide_camera_ip` VARCHAR , `tide_camera_port` INTEGER , `tide_camera_user` VARCHAR , `tide_camera_pwd` VARCHAR , `state` INTEGER ) 
2020.12.21 14:22:19 CST DEBUG com.j256.ormlite.logger.Log4j2Log 43 log - built statement SELECT COUNT(*) FROM `channel` WHERE `id` = ? 
2020.12.21 14:22:19 CST DEBUG com.j256.ormlite.logger.Log4j2Log 43 log - query of 'SELECT COUNT(*) FROM `channel` WHERE `id` = ? ' returned 1
2020.12.21 14:22:19 CST DEBUG com.j256.ormlite.logger.Log4j2Log 43 log - update data with statement 'UPDATE `channel` SET `park_id` = ?, `channel_no` = ?, `channel_name` = ?, `channel_prop` = ?, `control_mach_ip` = ?, `control_mach_port` = ?, `use_camera1` = ?, `camera_ip1` = ?, `camera_port1` = ?, `camera_user1` = ?, `camera_pwd1` = ?, `use_camera2` = ?, `camera_ip2` = ?, `camera_port2` = ?, `camera_user2` = ?, `camera_pwd2` = ?, `use_son_camera` = ?, `son_camera_ip` = ?, `son_camera_port` = ?, `son_camera_user` = ?, `son_camera_pwd` = ?, `use_tide_camera` = ?, `tide_camera_ip` = ?, `tide_camera_port` = ?, `tide_camera_user` = ?, `tide_camera_pwd` = ?, `state` = ? WHERE `id` = ?' and 28 args, changed 1 rows
2020.12.21 14:22:19 CST DEBUG com.j256.ormlite.logger.Log4j2Log 43 log - query of 'SELECT COUNT(*) FROM `channel` WHERE `id` = ? ' returned 1
2020.12.21 14:22:19 CST DEBUG com.j256.ormlite.logger.Log4j2Log 43 log - update data with statement 'UPDATE `channel` SET `park_id` = ?, `channel_no` = ?, `channel_name` = ?, `channel_prop` = ?, `control_mach_ip` = ?, `control_mach_port` = ?, `use_camera1` = ?, `camera_ip1` = ?, `camera_port1` = ?, `camera_user1` = ?, `camera_pwd1` = ?, `use_camera2` = ?, `camera_ip2` = ?, `camera_port2` = ?, `camera_user2` = ?, `camera_pwd2` = ?, `use_son_camera` = ?, `son_camera_ip` = ?, `son_camera_port` = ?, `son_camera_user` = ?, `son_camera_pwd` = ?, `use_tide_camera` = ?, `tide_camera_ip` = ?, `tide_camera_port` = ?, `tide_camera_user` = ?, `tide_camera_pwd` = ?, `state` = ? WHERE `id` = ?' and 28 args, changed 1 rows
2020.12.21 14:22:19 CST DEBUG com.j256.ormlite.logger.Log4j2Log 43 log - closed connection #12444829
2020.12.21 14:24:01 CST DEBUG com.j256.ormlite.logger.Log4j2Log 43 log - created dao for class class com.shi.prometheus.db.entity.SqlServerConnectSet with reflection
2020.12.21 14:24:01 CST INFO  com.j256.ormlite.logger.Log4j2Log 46 log - creating table 'sql_server_connect_set'
2020.12.21 14:24:01 CST DEBUG com.j256.ormlite.logger.Log4j2Log 43 log - opened connection to jdbc:sqlite:D:\MyProjects\IdeaWork\prometheus-client\dbs\202012\202012.db got #26837726
2020.12.21 14:24:01 CST INFO  com.j256.ormlite.logger.Log4j2Log 46 log - executed create table statement changed 0 rows: CREATE TABLE IF NOT EXISTS `sql_server_connect_set` (`id` INTEGER PRIMARY KEY AUTOINCREMENT , `port` VARCHAR , `database_name` VARCHAR , `user` VARCHAR , `password` VARCHAR ) 
2020.12.21 14:24:01 CST DEBUG com.j256.ormlite.logger.Log4j2Log 43 log - query-for-id using 'SELECT * FROM `sql_server_connect_set` WHERE `id` = ?' and 1 args, got 1 result
2020.12.21 14:24:01 CST DEBUG com.j256.ormlite.logger.Log4j2Log 43 log - closed connection #26837726
2020.12.21 14:24:02 CST DEBUG com.j256.ormlite.logger.Log4j2Log 43 log - created dao for class class com.shi.prometheus.business.channel.entity.Channel with reflection
2020.12.21 14:24:02 CST INFO  com.j256.ormlite.logger.Log4j2Log 46 log - creating table 'channel'
2020.12.21 14:24:02 CST DEBUG com.j256.ormlite.logger.Log4j2Log 43 log - opened connection to jdbc:sqlite:D:\MyProjects\IdeaWork\prometheus-client\dbs\202012\202012.db got #12444829
2020.12.21 14:24:02 CST INFO  com.j256.ormlite.logger.Log4j2Log 46 log - executed create table statement changed 0 rows: CREATE TABLE IF NOT EXISTS `channel` (`id` INTEGER PRIMARY KEY AUTOINCREMENT , `park_id` INTEGER , `channel_no` INTEGER , `channel_name` VARCHAR , `channel_prop` INTEGER , `control_mach_ip` VARCHAR , `control_mach_port` INTEGER , `use_camera1` INTEGER , `camera_ip1` VARCHAR , `camera_port1` INTEGER , `camera_user1` VARCHAR , `camera_pwd1` VARCHAR , `use_camera2` INTEGER , `camera_ip2` VARCHAR , `camera_port2` INTEGER , `camera_user2` VARCHAR , `camera_pwd2` VARCHAR , `use_son_camera` INTEGER , `son_camera_ip` VARCHAR , `son_camera_port` INTEGER , `son_camera_user` VARCHAR , `son_camera_pwd` VARCHAR , `use_tide_camera` INTEGER , `tide_camera_ip` VARCHAR , `tide_camera_port` INTEGER , `tide_camera_user` VARCHAR , `tide_camera_pwd` VARCHAR , `state` INTEGER ) 
2020.12.21 14:24:02 CST DEBUG com.j256.ormlite.logger.Log4j2Log 43 log - built statement SELECT COUNT(*) FROM `channel` WHERE `id` = ? 
2020.12.21 14:24:02 CST DEBUG com.j256.ormlite.logger.Log4j2Log 43 log - query of 'SELECT COUNT(*) FROM `channel` WHERE `id` = ? ' returned 1
2020.12.21 14:24:02 CST DEBUG com.j256.ormlite.logger.Log4j2Log 43 log - update data with statement 'UPDATE `channel` SET `park_id` = ?, `channel_no` = ?, `channel_name` = ?, `channel_prop` = ?, `control_mach_ip` = ?, `control_mach_port` = ?, `use_camera1` = ?, `camera_ip1` = ?, `camera_port1` = ?, `camera_user1` = ?, `camera_pwd1` = ?, `use_camera2` = ?, `camera_ip2` = ?, `camera_port2` = ?, `camera_user2` = ?, `camera_pwd2` = ?, `use_son_camera` = ?, `son_camera_ip` = ?, `son_camera_port` = ?, `son_camera_user` = ?, `son_camera_pwd` = ?, `use_tide_camera` = ?, `tide_camera_ip` = ?, `tide_camera_port` = ?, `tide_camera_user` = ?, `tide_camera_pwd` = ?, `state` = ? WHERE `id` = ?' and 28 args, changed 1 rows
2020.12.21 14:24:02 CST DEBUG com.j256.ormlite.logger.Log4j2Log 43 log - query of 'SELECT COUNT(*) FROM `channel` WHERE `id` = ? ' returned 1
2020.12.21 14:24:02 CST DEBUG com.j256.ormlite.logger.Log4j2Log 43 log - update data with statement 'UPDATE `channel` SET `park_id` = ?, `channel_no` = ?, `channel_name` = ?, `channel_prop` = ?, `control_mach_ip` = ?, `control_mach_port` = ?, `use_camera1` = ?, `camera_ip1` = ?, `camera_port1` = ?, `camera_user1` = ?, `camera_pwd1` = ?, `use_camera2` = ?, `camera_ip2` = ?, `camera_port2` = ?, `camera_user2` = ?, `camera_pwd2` = ?, `use_son_camera` = ?, `son_camera_ip` = ?, `son_camera_port` = ?, `son_camera_user` = ?, `son_camera_pwd` = ?, `use_tide_camera` = ?, `tide_camera_ip` = ?, `tide_camera_port` = ?, `tide_camera_user` = ?, `tide_camera_pwd` = ?, `state` = ? WHERE `id` = ?' and 28 args, changed 1 rows
2020.12.21 14:24:02 CST DEBUG com.j256.ormlite.logger.Log4j2Log 43 log - closed connection #12444829
2020.12.21 14:25:36 CST DEBUG com.j256.ormlite.logger.Log4j2Log 43 log - created dao for class class com.shi.prometheus.db.entity.SqlServerConnectSet with reflection
2020.12.21 14:25:36 CST INFO  com.j256.ormlite.logger.Log4j2Log 46 log - creating table 'sql_server_connect_set'
2020.12.21 14:25:36 CST DEBUG com.j256.ormlite.logger.Log4j2Log 43 log - opened connection to jdbc:sqlite:D:\MyProjects\IdeaWork\prometheus-client\dbs\202012\202012.db got #26837726
2020.12.21 14:25:36 CST INFO  com.j256.ormlite.logger.Log4j2Log 46 log - executed create table statement changed 0 rows: CREATE TABLE IF NOT EXISTS `sql_server_connect_set` (`id` INTEGER PRIMARY KEY AUTOINCREMENT , `port` VARCHAR , `database_name` VARCHAR , `user` VARCHAR , `password` VARCHAR ) 
2020.12.21 14:25:36 CST DEBUG com.j256.ormlite.logger.Log4j2Log 43 log - query-for-id using 'SELECT * FROM `sql_server_connect_set` WHERE `id` = ?' and 1 args, got 1 result
2020.12.21 14:25:36 CST DEBUG com.j256.ormlite.logger.Log4j2Log 43 log - closed connection #26837726
2020.12.21 14:25:37 CST DEBUG com.j256.ormlite.logger.Log4j2Log 43 log - created dao for class class com.shi.prometheus.business.channel.entity.Channel with reflection
2020.12.21 14:25:37 CST INFO  com.j256.ormlite.logger.Log4j2Log 46 log - creating table 'channel'
2020.12.21 14:25:37 CST DEBUG com.j256.ormlite.logger.Log4j2Log 43 log - opened connection to jdbc:sqlite:D:\MyProjects\IdeaWork\prometheus-client\dbs\202012\202012.db got #12444829
2020.12.21 14:25:37 CST INFO  com.j256.ormlite.logger.Log4j2Log 46 log - executed create table statement changed 0 rows: CREATE TABLE IF NOT EXISTS `channel` (`id` INTEGER PRIMARY KEY AUTOINCREMENT , `park_id` INTEGER , `channel_no` INTEGER , `channel_name` VARCHAR , `channel_prop` INTEGER , `control_mach_ip` VARCHAR , `control_mach_port` INTEGER , `use_camera1` INTEGER , `camera_ip1` VARCHAR , `camera_port1` INTEGER , `camera_user1` VARCHAR , `camera_pwd1` VARCHAR , `use_camera2` INTEGER , `camera_ip2` VARCHAR , `camera_port2` INTEGER , `camera_user2` VARCHAR , `camera_pwd2` VARCHAR , `use_son_camera` INTEGER , `son_camera_ip` VARCHAR , `son_camera_port` INTEGER , `son_camera_user` VARCHAR , `son_camera_pwd` VARCHAR , `use_tide_camera` INTEGER , `tide_camera_ip` VARCHAR , `tide_camera_port` INTEGER , `tide_camera_user` VARCHAR , `tide_camera_pwd` VARCHAR , `state` INTEGER ) 
2020.12.21 14:25:37 CST DEBUG com.j256.ormlite.logger.Log4j2Log 43 log - built statement SELECT COUNT(*) FROM `channel` WHERE `id` = ? 
2020.12.21 14:25:37 CST DEBUG com.j256.ormlite.logger.Log4j2Log 43 log - query of 'SELECT COUNT(*) FROM `channel` WHERE `id` = ? ' returned 1
2020.12.21 14:25:37 CST DEBUG com.j256.ormlite.logger.Log4j2Log 43 log - update data with statement 'UPDATE `channel` SET `park_id` = ?, `channel_no` = ?, `channel_name` = ?, `channel_prop` = ?, `control_mach_ip` = ?, `control_mach_port` = ?, `use_camera1` = ?, `camera_ip1` = ?, `camera_port1` = ?, `camera_user1` = ?, `camera_pwd1` = ?, `use_camera2` = ?, `camera_ip2` = ?, `camera_port2` = ?, `camera_user2` = ?, `camera_pwd2` = ?, `use_son_camera` = ?, `son_camera_ip` = ?, `son_camera_port` = ?, `son_camera_user` = ?, `son_camera_pwd` = ?, `use_tide_camera` = ?, `tide_camera_ip` = ?, `tide_camera_port` = ?, `tide_camera_user` = ?, `tide_camera_pwd` = ?, `state` = ? WHERE `id` = ?' and 28 args, changed 1 rows
2020.12.21 14:25:37 CST DEBUG com.j256.ormlite.logger.Log4j2Log 43 log - query of 'SELECT COUNT(*) FROM `channel` WHERE `id` = ? ' returned 1
2020.12.21 14:25:37 CST DEBUG com.j256.ormlite.logger.Log4j2Log 43 log - update data with statement 'UPDATE `channel` SET `park_id` = ?, `channel_no` = ?, `channel_name` = ?, `channel_prop` = ?, `control_mach_ip` = ?, `control_mach_port` = ?, `use_camera1` = ?, `camera_ip1` = ?, `camera_port1` = ?, `camera_user1` = ?, `camera_pwd1` = ?, `use_camera2` = ?, `camera_ip2` = ?, `camera_port2` = ?, `camera_user2` = ?, `camera_pwd2` = ?, `use_son_camera` = ?, `son_camera_ip` = ?, `son_camera_port` = ?, `son_camera_user` = ?, `son_camera_pwd` = ?, `use_tide_camera` = ?, `tide_camera_ip` = ?, `tide_camera_port` = ?, `tide_camera_user` = ?, `tide_camera_pwd` = ?, `state` = ? WHERE `id` = ?' and 28 args, changed 1 rows
2020.12.21 14:25:37 CST DEBUG com.j256.ormlite.logger.Log4j2Log 43 log - closed connection #12444829
2020.12.21 14:33:33 CST DEBUG com.j256.ormlite.logger.Log4j2Log 43 log - created dao for class class com.shi.prometheus.db.entity.SqlServerConnectSet with reflection
2020.12.21 14:33:33 CST INFO  com.j256.ormlite.logger.Log4j2Log 46 log - creating table 'sql_server_connect_set'
2020.12.21 14:33:33 CST DEBUG com.j256.ormlite.logger.Log4j2Log 43 log - opened connection to jdbc:sqlite:D:\MyProjects\IdeaWork\prometheus-client\dbs\202012\202012.db got #26837726
2020.12.21 14:33:33 CST INFO  com.j256.ormlite.logger.Log4j2Log 46 log - executed create table statement changed 0 rows: CREATE TABLE IF NOT EXISTS `sql_server_connect_set` (`id` INTEGER PRIMARY KEY AUTOINCREMENT , `port` VARCHAR , `database_name` VARCHAR , `user` VARCHAR , `password` VARCHAR ) 
2020.12.21 14:33:33 CST DEBUG com.j256.ormlite.logger.Log4j2Log 43 log - query-for-id using 'SELECT * FROM `sql_server_connect_set` WHERE `id` = ?' and 1 args, got 1 result
2020.12.21 14:33:33 CST DEBUG com.j256.ormlite.logger.Log4j2Log 43 log - closed connection #26837726
2020.12.21 14:33:34 CST DEBUG com.j256.ormlite.logger.Log4j2Log 43 log - created dao for class class com.shi.prometheus.business.channel.entity.Channel with reflection
2020.12.21 14:33:34 CST INFO  com.j256.ormlite.logger.Log4j2Log 46 log - creating table 'channel'
2020.12.21 14:33:34 CST DEBUG com.j256.ormlite.logger.Log4j2Log 43 log - opened connection to jdbc:sqlite:D:\MyProjects\IdeaWork\prometheus-client\dbs\202012\202012.db got #12444829
2020.12.21 14:33:34 CST INFO  com.j256.ormlite.logger.Log4j2Log 46 log - executed create table statement changed 0 rows: CREATE TABLE IF NOT EXISTS `channel` (`id` INTEGER PRIMARY KEY AUTOINCREMENT , `park_id` INTEGER , `channel_no` INTEGER , `channel_name` VARCHAR , `channel_prop` INTEGER , `control_mach_ip` VARCHAR , `control_mach_port` INTEGER , `use_camera1` INTEGER , `camera_ip1` VARCHAR , `camera_port1` INTEGER , `camera_user1` VARCHAR , `camera_pwd1` VARCHAR , `use_camera2` INTEGER , `camera_ip2` VARCHAR , `camera_port2` INTEGER , `camera_user2` VARCHAR , `camera_pwd2` VARCHAR , `use_son_camera` INTEGER , `son_camera_ip` VARCHAR , `son_camera_port` INTEGER , `son_camera_user` VARCHAR , `son_camera_pwd` VARCHAR , `use_tide_camera` INTEGER , `tide_camera_ip` VARCHAR , `tide_camera_port` INTEGER , `tide_camera_user` VARCHAR , `tide_camera_pwd` VARCHAR , `state` INTEGER ) 
2020.12.21 14:33:35 CST DEBUG com.j256.ormlite.logger.Log4j2Log 43 log - built statement SELECT COUNT(*) FROM `channel` WHERE `id` = ? 
2020.12.21 14:33:35 CST DEBUG com.j256.ormlite.logger.Log4j2Log 43 log - query of 'SELECT COUNT(*) FROM `channel` WHERE `id` = ? ' returned 1
2020.12.21 14:33:35 CST DEBUG com.j256.ormlite.logger.Log4j2Log 43 log - update data with statement 'UPDATE `channel` SET `park_id` = ?, `channel_no` = ?, `channel_name` = ?, `channel_prop` = ?, `control_mach_ip` = ?, `control_mach_port` = ?, `use_camera1` = ?, `camera_ip1` = ?, `camera_port1` = ?, `camera_user1` = ?, `camera_pwd1` = ?, `use_camera2` = ?, `camera_ip2` = ?, `camera_port2` = ?, `camera_user2` = ?, `camera_pwd2` = ?, `use_son_camera` = ?, `son_camera_ip` = ?, `son_camera_port` = ?, `son_camera_user` = ?, `son_camera_pwd` = ?, `use_tide_camera` = ?, `tide_camera_ip` = ?, `tide_camera_port` = ?, `tide_camera_user` = ?, `tide_camera_pwd` = ?, `state` = ? WHERE `id` = ?' and 28 args, changed 1 rows
2020.12.21 14:33:35 CST DEBUG com.j256.ormlite.logger.Log4j2Log 43 log - query of 'SELECT COUNT(*) FROM `channel` WHERE `id` = ? ' returned 1
2020.12.21 14:33:35 CST DEBUG com.j256.ormlite.logger.Log4j2Log 43 log - update data with statement 'UPDATE `channel` SET `park_id` = ?, `channel_no` = ?, `channel_name` = ?, `channel_prop` = ?, `control_mach_ip` = ?, `control_mach_port` = ?, `use_camera1` = ?, `camera_ip1` = ?, `camera_port1` = ?, `camera_user1` = ?, `camera_pwd1` = ?, `use_camera2` = ?, `camera_ip2` = ?, `camera_port2` = ?, `camera_user2` = ?, `camera_pwd2` = ?, `use_son_camera` = ?, `son_camera_ip` = ?, `son_camera_port` = ?, `son_camera_user` = ?, `son_camera_pwd` = ?, `use_tide_camera` = ?, `tide_camera_ip` = ?, `tide_camera_port` = ?, `tide_camera_user` = ?, `tide_camera_pwd` = ?, `state` = ? WHERE `id` = ?' and 28 args, changed 1 rows
2020.12.21 14:33:35 CST DEBUG com.j256.ormlite.logger.Log4j2Log 43 log - closed connection #12444829
2020.12.21 14:35:16 CST DEBUG com.j256.ormlite.logger.Log4j2Log 43 log - created dao for class class com.shi.prometheus.db.entity.SqlServerConnectSet with reflection
2020.12.21 14:35:16 CST INFO  com.j256.ormlite.logger.Log4j2Log 46 log - creating table 'sql_server_connect_set'
2020.12.21 14:35:16 CST DEBUG com.j256.ormlite.logger.Log4j2Log 43 log - opened connection to jdbc:sqlite:D:\MyProjects\IdeaWork\prometheus-client\dbs\202012\202012.db got #26837726
2020.12.21 14:35:16 CST INFO  com.j256.ormlite.logger.Log4j2Log 46 log - executed create table statement changed 0 rows: CREATE TABLE IF NOT EXISTS `sql_server_connect_set` (`id` INTEGER PRIMARY KEY AUTOINCREMENT , `port` VARCHAR , `database_name` VARCHAR , `user` VARCHAR , `password` VARCHAR ) 
2020.12.21 14:35:16 CST DEBUG com.j256.ormlite.logger.Log4j2Log 43 log - query-for-id using 'SELECT * FROM `sql_server_connect_set` WHERE `id` = ?' and 1 args, got 1 result
2020.12.21 14:35:16 CST DEBUG com.j256.ormlite.logger.Log4j2Log 43 log - closed connection #26837726
2020.12.21 14:35:17 CST DEBUG com.j256.ormlite.logger.Log4j2Log 43 log - created dao for class class com.shi.prometheus.business.channel.entity.Channel with reflection
2020.12.21 14:35:17 CST INFO  com.j256.ormlite.logger.Log4j2Log 46 log - creating table 'channel'
2020.12.21 14:35:17 CST DEBUG com.j256.ormlite.logger.Log4j2Log 43 log - opened connection to jdbc:sqlite:D:\MyProjects\IdeaWork\prometheus-client\dbs\202012\202012.db got #12444829
2020.12.21 14:35:17 CST INFO  com.j256.ormlite.logger.Log4j2Log 46 log - executed create table statement changed 0 rows: CREATE TABLE IF NOT EXISTS `channel` (`id` INTEGER PRIMARY KEY AUTOINCREMENT , `park_id` INTEGER , `channel_no` INTEGER , `channel_name` VARCHAR , `channel_prop` INTEGER , `control_mach_ip` VARCHAR , `control_mach_port` INTEGER , `use_camera1` INTEGER , `camera_ip1` VARCHAR , `camera_port1` INTEGER , `camera_user1` VARCHAR , `camera_pwd1` VARCHAR , `use_camera2` INTEGER , `camera_ip2` VARCHAR , `camera_port2` INTEGER , `camera_user2` VARCHAR , `camera_pwd2` VARCHAR , `use_son_camera` INTEGER , `son_camera_ip` VARCHAR , `son_camera_port` INTEGER , `son_camera_user` VARCHAR , `son_camera_pwd` VARCHAR , `use_tide_camera` INTEGER , `tide_camera_ip` VARCHAR , `tide_camera_port` INTEGER , `tide_camera_user` VARCHAR , `tide_camera_pwd` VARCHAR , `state` INTEGER ) 
2020.12.21 14:35:17 CST DEBUG com.j256.ormlite.logger.Log4j2Log 43 log - built statement SELECT COUNT(*) FROM `channel` WHERE `id` = ? 
2020.12.21 14:35:17 CST DEBUG com.j256.ormlite.logger.Log4j2Log 43 log - query of 'SELECT COUNT(*) FROM `channel` WHERE `id` = ? ' returned 1
2020.12.21 14:35:17 CST DEBUG com.j256.ormlite.logger.Log4j2Log 43 log - update data with statement 'UPDATE `channel` SET `park_id` = ?, `channel_no` = ?, `channel_name` = ?, `channel_prop` = ?, `control_mach_ip` = ?, `control_mach_port` = ?, `use_camera1` = ?, `camera_ip1` = ?, `camera_port1` = ?, `camera_user1` = ?, `camera_pwd1` = ?, `use_camera2` = ?, `camera_ip2` = ?, `camera_port2` = ?, `camera_user2` = ?, `camera_pwd2` = ?, `use_son_camera` = ?, `son_camera_ip` = ?, `son_camera_port` = ?, `son_camera_user` = ?, `son_camera_pwd` = ?, `use_tide_camera` = ?, `tide_camera_ip` = ?, `tide_camera_port` = ?, `tide_camera_user` = ?, `tide_camera_pwd` = ?, `state` = ? WHERE `id` = ?' and 28 args, changed 1 rows
2020.12.21 14:35:17 CST DEBUG com.j256.ormlite.logger.Log4j2Log 43 log - query of 'SELECT COUNT(*) FROM `channel` WHERE `id` = ? ' returned 1
2020.12.21 14:35:17 CST DEBUG com.j256.ormlite.logger.Log4j2Log 43 log - update data with statement 'UPDATE `channel` SET `park_id` = ?, `channel_no` = ?, `channel_name` = ?, `channel_prop` = ?, `control_mach_ip` = ?, `control_mach_port` = ?, `use_camera1` = ?, `camera_ip1` = ?, `camera_port1` = ?, `camera_user1` = ?, `camera_pwd1` = ?, `use_camera2` = ?, `camera_ip2` = ?, `camera_port2` = ?, `camera_user2` = ?, `camera_pwd2` = ?, `use_son_camera` = ?, `son_camera_ip` = ?, `son_camera_port` = ?, `son_camera_user` = ?, `son_camera_pwd` = ?, `use_tide_camera` = ?, `tide_camera_ip` = ?, `tide_camera_port` = ?, `tide_camera_user` = ?, `tide_camera_pwd` = ?, `state` = ? WHERE `id` = ?' and 28 args, changed 1 rows
2020.12.21 14:35:17 CST DEBUG com.j256.ormlite.logger.Log4j2Log 43 log - closed connection #12444829
